{
  "stats": {
    "suites": 1,
    "tests": 1,
    "passes": 0,
    "pending": 0,
    "failures": 1,
    "start": "2021-11-12T21:38:55.551Z",
    "end": "2021-11-12T21:38:55.926Z",
    "duration": 375,
    "testsRegistered": 1,
    "passPercent": 0,
    "pendingPercent": 0,
    "other": 0,
    "hasOther": false,
    "skipped": 0,
    "hasSkipped": false
  },
  "results": [
    {
      "uuid": "18e8fce3-5515-4dc9-b618-3d876a7f8b29",
      "title": "",
      "fullFile": "cypress/integration/secondTest.spec.js",
      "file": "cypress/integration/secondTest.spec.js",
      "beforeHooks": [],
      "afterHooks": [],
      "tests": [],
      "suites": [
        {
          "uuid": "569c6045-9fc2-4afc-bde9-1ae271ec4def",
          "title": "Test log out",
          "fullFile": "",
          "file": "",
          "beforeHooks": [],
          "afterHooks": [],
          "tests": [
            {
              "title": "verify user can log out successfully",
              "fullTitle": "Test log out verify user can log out successfully",
              "timedOut": null,
              "duration": 306,
              "state": "failed",
              "speed": null,
              "pass": false,
              "fail": true,
              "pending": false,
              "context": null,
              "code": "cy.contains('Settings').click();\ncy.contains('Or click here to logout').click();\ncy.get('.navbar-nav').should('contain', 'Sign up');",
              "err": {
                "message": "CypressError: `cy.request()` failed on:\n\nhttps://api.realworld.io/api/users/login\n\nThe response we received from your web server was:\n\n  > 403: Forbidden\n\nThis was considered a failure because the status code was not `2xx` or `3xx`.\n\nIf you do not want status codes to cause failures pass the option: `failOnStatusCode: false`\n\n-----------------------------------------------------------\n\nThe request we sent was:\n\nMethod: POST\nURL: https://api.realworld.io/api/users/login\nHeaders: {\n  \"Connection\": \"keep-alive\",\n  \"user-agent\": \"Mozilla/5.0 (Windows NT 10.0; Win64; x64) AppleWebKit/537.36 (KHTML, like Gecko) Cypress/8.7.0 Chrome/93.0.4577.82 Electron/14.1.0 Safari/537.36\",\n  \"accept\": \"*/*\",\n  \"accept-encoding\": \"gzip, deflate\",\n  \"content-type\": \"application/json\",\n  \"content-length\": 61\n}\nBody: {\"user\":{\"email\":\"lyalpha2401@gmail.com\",\"password\":\"12345\"}}\n\n-----------------------------------------------------------\n\nThe response we got was:\n\nStatus: 403 - Forbidden\nHeaders: {\n  \"date\": \"Fri, 12 Nov 2021 21:38:56 GMT\",\n  \"content-type\": \"application/json; charset=utf-8\",\n  \"content-length\": \"47\",\n  \"connection\": \"keep-alive\",\n  \"x-powered-by\": \"Express\",\n  \"access-control-allow-origin\": \"*\",\n  \"etag\": \"W/\\\"2f-83PWxEwXkLR3WfVjo3wqB0FwKlU\\\"\",\n  \"via\": \"1.1 vegur\",\n  \"cf-cache-status\": \"DYNAMIC\",\n  \"expect-ct\": \"max-age=604800, report-uri=\\\"https://report-uri.cloudflare.com/cdn-cgi/beacon/expect-ct\\\"\",\n  \"report-to\": \"{\\\"endpoints\\\":[{\\\"url\\\":\\\"https:\\\\/\\\\/a.nel.cloudflare.com\\\\/report\\\\/v3?s=8zGmAi545rrqAzahYIuSzCkcIhWHbG90AxSrbjrepDf8asqHacguavtWCOPYZMXSMqd76S96Zbfl095LZOZZLx%2FGwnbPya3A0uUVeBSgsbAonDB1z8%2FyrL953Q2g%2FfkvYd6ydwlsZq0TNylaS5Tq\\\"}],\\\"group\\\":\\\"cf-nel\\\",\\\"max_age\\\":604800}\",\n  \"nel\": \"{\\\"success_fraction\\\":0,\\\"report_to\\\":\\\"cf-nel\\\",\\\"max_age\\\":604800}\",\n  \"server\": \"cloudflare\",\n  \"cf-ray\": \"6ad2e8fcfbf528d5-DFW\",\n  \"alt-svc\": \"h3=\\\":443\\\"; ma=86400, h3-29=\\\":443\\\"; ma=86400, h3-28=\\\":443\\\"; ma=86400, h3-27=\\\":443\\\"; ma=86400\"\n}\nBody: {\n  \"errors\": {\n    \"email or password\": [\n      \"is invalid\"\n    ]\n  }\n}\n\n\nhttps://on.cypress.io/request\n\nBecause this error occurred during a `before each` hook we are skipping the remaining tests in the current suite: `Test log out`",
                "estack": "CypressError: `cy.request()` failed on:\n\nhttps://api.realworld.io/api/users/login\n\nThe response we received from your web server was:\n\n  > 403: Forbidden\n\nThis was considered a failure because the status code was not `2xx` or `3xx`.\n\nIf you do not want status codes to cause failures pass the option: `failOnStatusCode: false`\n\n-----------------------------------------------------------\n\nThe request we sent was:\n\nMethod: POST\nURL: https://api.realworld.io/api/users/login\nHeaders: {\n  \"Connection\": \"keep-alive\",\n  \"user-agent\": \"Mozilla/5.0 (Windows NT 10.0; Win64; x64) AppleWebKit/537.36 (KHTML, like Gecko) Cypress/8.7.0 Chrome/93.0.4577.82 Electron/14.1.0 Safari/537.36\",\n  \"accept\": \"*/*\",\n  \"accept-encoding\": \"gzip, deflate\",\n  \"content-type\": \"application/json\",\n  \"content-length\": 61\n}\nBody: {\"user\":{\"email\":\"lyalpha2401@gmail.com\",\"password\":\"12345\"}}\n\n-----------------------------------------------------------\n\nThe response we got was:\n\nStatus: 403 - Forbidden\nHeaders: {\n  \"date\": \"Fri, 12 Nov 2021 21:38:56 GMT\",\n  \"content-type\": \"application/json; charset=utf-8\",\n  \"content-length\": \"47\",\n  \"connection\": \"keep-alive\",\n  \"x-powered-by\": \"Express\",\n  \"access-control-allow-origin\": \"*\",\n  \"etag\": \"W/\\\"2f-83PWxEwXkLR3WfVjo3wqB0FwKlU\\\"\",\n  \"via\": \"1.1 vegur\",\n  \"cf-cache-status\": \"DYNAMIC\",\n  \"expect-ct\": \"max-age=604800, report-uri=\\\"https://report-uri.cloudflare.com/cdn-cgi/beacon/expect-ct\\\"\",\n  \"report-to\": \"{\\\"endpoints\\\":[{\\\"url\\\":\\\"https:\\\\/\\\\/a.nel.cloudflare.com\\\\/report\\\\/v3?s=8zGmAi545rrqAzahYIuSzCkcIhWHbG90AxSrbjrepDf8asqHacguavtWCOPYZMXSMqd76S96Zbfl095LZOZZLx%2FGwnbPya3A0uUVeBSgsbAonDB1z8%2FyrL953Q2g%2FfkvYd6ydwlsZq0TNylaS5Tq\\\"}],\\\"group\\\":\\\"cf-nel\\\",\\\"max_age\\\":604800}\",\n  \"nel\": \"{\\\"success_fraction\\\":0,\\\"report_to\\\":\\\"cf-nel\\\",\\\"max_age\\\":604800}\",\n  \"server\": \"cloudflare\",\n  \"cf-ray\": \"6ad2e8fcfbf528d5-DFW\",\n  \"alt-svc\": \"h3=\\\":443\\\"; ma=86400, h3-29=\\\":443\\\"; ma=86400, h3-28=\\\":443\\\"; ma=86400, h3-27=\\\":443\\\"; ma=86400\"\n}\nBody: {\n  \"errors\": {\n    \"email or password\": [\n      \"is invalid\"\n    ]\n  }\n}\n\n\nhttps://on.cypress.io/request\n\nBecause this error occurred during a `before each` hook we are skipping the remaining tests in the current suite: `Test log out`\n    at http://localhost:4200/__cypress/runner/cypress_runner.js:157339:80\n    at tryCatcher (http://localhost:4200/__cypress/runner/cypress_runner.js:13212:23)\n    at Promise._settlePromiseFromHandler (http://localhost:4200/__cypress/runner/cypress_runner.js:11147:31)\n    at Promise._settlePromise (http://localhost:4200/__cypress/runner/cypress_runner.js:11204:18)\n    at Promise._settlePromise0 (http://localhost:4200/__cypress/runner/cypress_runner.js:11249:10)\n    at Promise._settlePromises (http://localhost:4200/__cypress/runner/cypress_runner.js:11329:18)\n    at _drainQueueStep (http://localhost:4200/__cypress/runner/cypress_runner.js:7919:12)\n    at _drainQueue (http://localhost:4200/__cypress/runner/cypress_runner.js:7912:9)\n    at Async.../../node_modules/bluebird/js/release/async.js.Async._drainQueues (http://localhost:4200/__cypress/runner/cypress_runner.js:7928:5)\n    at Async.drainQueues (http://localhost:4200/__cypress/runner/cypress_runner.js:7798:14)\nFrom Your Spec Code:\n    at Context.eval (http://localhost:4200/__cypress/tests?p=cypress\\support\\index.js:131:6)",
                "diff": null
              },
              "uuid": "55edb43b-f0a6-424f-9185-8be00532593d",
              "parentUUID": "569c6045-9fc2-4afc-bde9-1ae271ec4def",
              "isHook": false,
              "skipped": false
            }
          ],
          "suites": [],
          "passes": [],
          "failures": [
            "55edb43b-f0a6-424f-9185-8be00532593d"
          ],
          "pending": [],
          "skipped": [],
          "duration": 306,
          "root": false,
          "rootEmpty": false,
          "_timeout": 2000
        }
      ],
      "passes": [],
      "failures": [],
      "pending": [],
      "skipped": [],
      "duration": 0,
      "root": true,
      "rootEmpty": true,
      "_timeout": 2000
    }
  ],
  "meta": {
    "mocha": {
      "version": "7.0.1"
    },
    "mochawesome": {
      "options": {
        "quiet": false,
        "reportFilename": "mochawesome",
        "saveHtml": false,
        "saveJson": true,
        "consoleReporter": "spec",
        "useInlineDiffs": false,
        "code": true
      },
      "version": "7.0.1"
    },
    "marge": {
      "options": {
        "id": "default",
        "reportDir": "cypress/results/mochawesome",
        "overwrite": false,
        "html": false,
        "json": true
      },
      "version": "6.0.1"
    }
  }
}