{
  "stats": {
    "suites": 1,
    "tests": 4,
    "passes": 3,
    "pending": 1,
    "failures": 0,
    "start": "2021-11-17T18:36:41.067Z",
    "end": "2021-11-17T18:36:51.123Z",
    "duration": 10056,
    "testsRegistered": 4,
    "passPercent": 100,
    "pendingPercent": 25,
    "other": 0,
    "hasOther": false,
    "skipped": 0,
    "hasSkipped": false
  },
  "results": [
    {
      "uuid": "5d37259b-c46d-42a3-9e5c-e6dd91c6280d",
      "title": "",
      "fullFile": "cypress/integration/firstTest.spec.js",
      "file": "cypress/integration/firstTest.spec.js",
      "beforeHooks": [],
      "afterHooks": [],
      "tests": [],
      "suites": [
        {
          "uuid": "2cee9889-a29f-48ff-9ee9-060221535d06",
          "title": "Test with backend",
          "fullFile": "",
          "file": "",
          "beforeHooks": [],
          "afterHooks": [],
          "tests": [
            {
              "title": "verify correct request and response",
              "fullTitle": "Test with backend verify correct request and response",
              "timedOut": null,
              "duration": 7021,
              "state": "passed",
              "speed": "medium",
              "pass": true,
              "fail": false,
              "pending": false,
              "context": null,
              "code": "cy.intercept('POST', '**/articles').as('postArticles'); // cy.route('POST','https://api.realworld.io/api/articles/').as('postArticles')\n// cy.intercept('POST','https://api.realworld.io/api/articles/').as('GetUser')\ncy.contains('New Article').click();\ncy.get('[formcontrolname=\"title\"]').type('This is an Article');\ncy.get('[formcontrolname=\"description\"]').type('This is the description');\ncy.get('[formcontrolname=\"body\"]').type('This is the body of the Article');\ncy.get('[placeholder=\"Enter tags\"]').type('tag1');\ncy.contains('Publish Article').click();\ncy.wait('@postArticles');\ncy.get('@postArticles').then(xhr => {\n  console.log(xhr);\n  expect(xhr.response.statusCode).to.equal(307);\n  expect(xhr.request.body.article.body).to.equal('This is the body of the Article'); // expect(xhr.response.body.article.description).to.equal('This is the description')\n});",
              "err": {},
              "uuid": "44ab91d6-29e8-495f-ab3d-fd67261b10e1",
              "parentUUID": "2cee9889-a29f-48ff-9ee9-060221535d06",
              "isHook": false,
              "skipped": false
            },
            {
              "title": "should give tags with routing object",
              "fullTitle": "Test with backend should give tags with routing object",
              "timedOut": null,
              "duration": 1690,
              "state": "passed",
              "speed": "fast",
              "pass": true,
              "fail": false,
              "pending": false,
              "context": null,
              "code": "cy.get('div .tag-list').should('contain', 'cypress').and('contain', 'automation').and('contain', 'testing');",
              "err": {},
              "uuid": "e0292445-6619-402b-bb58-72ccfbaf815d",
              "parentUUID": "2cee9889-a29f-48ff-9ee9-060221535d06",
              "isHook": false,
              "skipped": false
            },
            {
              "title": "verify global feed likes count",
              "fullTitle": "Test with backend verify global feed likes count",
              "timedOut": null,
              "duration": 1266,
              "state": "passed",
              "speed": "fast",
              "pass": true,
              "fail": false,
              "pending": false,
              "context": null,
              "code": "// cy.intercept('GET','https://api.realworld.io/api/articles/feed?limit=10&offset=0',{\"articles\":[],\"articlesCount\":0}) \ncy.intercept('GET', '**/articles/feed*', {\n  \"articles\": [],\n  \"articlesCount\": 0\n}); // cy.intercept('GET','https://api.realworld.io/api/articles?limit=10&offset=0',{fixture:'articles.json'})              \ncy.intercept('GET', '**/articles*', {\n  fixture: 'articles.json'\n});\ncy.contains('Global Fee').click();\ncy.get('app-article-list button').then(listOfButtons => {\n  expect(listOfButtons[0]).to.contain('1');\n  expect(listOfButtons[1]).to.contain('5');\n});\ncy.fixture('articles').then(file => {\n  const articleLink = file.articles[1].slug; // cy.intercept('POSt','https://api.realworld.io/api/articles/articleLink/favorite',file)     \n  cy.intercept('POSt', '**/articles/' + articleLink + '/favorite', file);\n});\ncy.get('app-article-list button').eq(1).click().should('contain', '6');",
              "err": {},
              "uuid": "eb179462-8afe-4cc9-aa99-120268de504c",
              "parentUUID": "2cee9889-a29f-48ff-9ee9-060221535d06",
              "isHook": false,
              "skipped": false
            },
            {
              "title": "delete a new article in the Global Fee",
              "fullTitle": "Test with backend delete a new article in the Global Fee",
              "timedOut": null,
              "duration": 0,
              "state": "pending",
              "speed": null,
              "pass": false,
              "fail": false,
              "pending": true,
              "context": null,
              "code": "",
              "err": {},
              "uuid": "740a7e17-2cab-42c7-99f7-758ce9fde7ed",
              "parentUUID": "2cee9889-a29f-48ff-9ee9-060221535d06",
              "isHook": false,
              "skipped": false
            }
          ],
          "suites": [],
          "passes": [
            "44ab91d6-29e8-495f-ab3d-fd67261b10e1",
            "e0292445-6619-402b-bb58-72ccfbaf815d",
            "eb179462-8afe-4cc9-aa99-120268de504c"
          ],
          "failures": [],
          "pending": [
            "740a7e17-2cab-42c7-99f7-758ce9fde7ed"
          ],
          "skipped": [],
          "duration": 9977,
          "root": false,
          "rootEmpty": false,
          "_timeout": 2000
        }
      ],
      "passes": [],
      "failures": [],
      "pending": [],
      "skipped": [],
      "duration": 0,
      "root": true,
      "rootEmpty": true,
      "_timeout": 2000
    }
  ],
  "meta": {
    "mocha": {
      "version": "7.0.1"
    },
    "mochawesome": {
      "options": {
        "quiet": false,
        "reportFilename": "mochawesome",
        "saveHtml": false,
        "saveJson": true,
        "consoleReporter": "spec",
        "useInlineDiffs": false,
        "code": true
      },
      "version": "7.0.1"
    },
    "marge": {
      "options": {
        "id": "default",
        "reportDir": "cypress/results/mochawesome",
        "overwrite": false,
        "html": false,
        "json": true
      },
      "version": "6.0.1"
    }
  }
}