{
  "stats": {
    "suites": 1,
    "tests": 4,
    "passes": 3,
    "pending": 1,
    "failures": 0,
    "start": "2021-11-17T18:07:13.315Z",
    "end": "2021-11-17T18:07:24.247Z",
    "duration": 10932,
    "testsRegistered": 4,
    "passPercent": 100,
    "pendingPercent": 25,
    "other": 0,
    "hasOther": false,
    "skipped": 0,
    "hasSkipped": false
  },
  "results": [
    {
      "uuid": "f813aba1-f5d6-4f3f-8c53-07d58c72d228",
      "title": "",
      "fullFile": "cypress/integration/firstTest.spec.js",
      "file": "cypress/integration/firstTest.spec.js",
      "beforeHooks": [],
      "afterHooks": [],
      "tests": [],
      "suites": [
        {
          "uuid": "f8e6ea30-2f24-43c1-91f9-2a3ada8d8ef9",
          "title": "Test with backend",
          "fullFile": "",
          "file": "",
          "beforeHooks": [],
          "afterHooks": [],
          "tests": [
            {
              "title": "verify correct request and response",
              "fullTitle": "Test with backend verify correct request and response",
              "timedOut": null,
              "duration": 6464,
              "state": "passed",
              "speed": "medium",
              "pass": true,
              "fail": false,
              "pending": false,
              "context": null,
              "code": "cy.intercept('POST', '**/articles').as('postArticles'); // cy.route('POST','https://api.realworld.io/api/articles/').as('postArticles')\n// cy.intercept('POST','https://api.realworld.io/api/articles/').as('GetUser')\ncy.contains('New Article').click();\ncy.get('[formcontrolname=\"title\"]').type('This is an Article');\ncy.get('[formcontrolname=\"description\"]').type('This is the description');\ncy.get('[formcontrolname=\"body\"]').type('This is the body of the Article');\ncy.get('[placeholder=\"Enter tags\"]').type('tag1');\ncy.contains('Publish Article').click();\ncy.wait('@postArticles');\ncy.get('@postArticles').then(xhr => {\n  console.log(xhr);\n  expect(xhr.response.statusCode).to.equal(307);\n  expect(xhr.request.body.article.body).to.equal('This is the body of the Article'); // expect(xhr.response.body.article.description).to.equal('This is the description')\n});",
              "err": {},
              "uuid": "04f25664-9e0c-4a52-9b87-e6998e677b7d",
              "parentUUID": "f8e6ea30-2f24-43c1-91f9-2a3ada8d8ef9",
              "isHook": false,
              "skipped": false
            },
            {
              "title": "should give tags with routing object",
              "fullTitle": "Test with backend should give tags with routing object",
              "timedOut": null,
              "duration": 1990,
              "state": "passed",
              "speed": "fast",
              "pass": true,
              "fail": false,
              "pending": false,
              "context": null,
              "code": "cy.get('div .tag-list').should('contain', 'cypress').and('contain', 'automation').and('contain', 'testing');",
              "err": {},
              "uuid": "a121acab-7c25-4d1a-aa5c-4296d142c7b7",
              "parentUUID": "f8e6ea30-2f24-43c1-91f9-2a3ada8d8ef9",
              "isHook": false,
              "skipped": false
            },
            {
              "title": "verify global feed likes count",
              "fullTitle": "Test with backend verify global feed likes count",
              "timedOut": null,
              "duration": 2399,
              "state": "passed",
              "speed": "fast",
              "pass": true,
              "fail": false,
              "pending": false,
              "context": null,
              "code": "// cy.intercept('GET','https://api.realworld.io/api/articles/feed?limit=10&offset=0',{\"articles\":[],\"articlesCount\":0}) \ncy.intercept('GET', '**/articles/feed*', {\n  \"articles\": [],\n  \"articlesCount\": 0\n}); // cy.intercept('GET','https://api.realworld.io/api/articles?limit=10&offset=0',{fixture:'articles.json'})              \ncy.intercept('GET', '**/articles*', {\n  fixture: 'articles.json'\n});\ncy.contains('Global Fee').click();\ncy.get('app-article-list button').then(listOfButtons => {\n  expect(listOfButtons[0]).to.contain('1');\n  expect(listOfButtons[1]).to.contain('5');\n});\ncy.fixture('articles').then(file => {\n  const articleLink = file.articles[1].slug; // cy.intercept('POSt','https://api.realworld.io/api/articles/articleLink/favorite',file)     \n  cy.intercept('POSt', '**/articles/' + articleLink + '/favorite', file);\n});\ncy.get('app-article-list button').eq(1).click().should('contain', '6');",
              "err": {},
              "uuid": "7b1fa0de-a786-4d6b-b018-817a2a63f070",
              "parentUUID": "f8e6ea30-2f24-43c1-91f9-2a3ada8d8ef9",
              "isHook": false,
              "skipped": false
            },
            {
              "title": "delete a new article in the Global Fee",
              "fullTitle": "Test with backend delete a new article in the Global Fee",
              "timedOut": null,
              "duration": 0,
              "state": "pending",
              "speed": null,
              "pass": false,
              "fail": false,
              "pending": true,
              "context": null,
              "code": "",
              "err": {},
              "uuid": "01618227-7c19-4ab0-9a30-fc19476f80ee",
              "parentUUID": "f8e6ea30-2f24-43c1-91f9-2a3ada8d8ef9",
              "isHook": false,
              "skipped": false
            }
          ],
          "suites": [],
          "passes": [
            "04f25664-9e0c-4a52-9b87-e6998e677b7d",
            "a121acab-7c25-4d1a-aa5c-4296d142c7b7",
            "7b1fa0de-a786-4d6b-b018-817a2a63f070"
          ],
          "failures": [],
          "pending": [
            "01618227-7c19-4ab0-9a30-fc19476f80ee"
          ],
          "skipped": [],
          "duration": 10853,
          "root": false,
          "rootEmpty": false,
          "_timeout": 2000
        }
      ],
      "passes": [],
      "failures": [],
      "pending": [],
      "skipped": [],
      "duration": 0,
      "root": true,
      "rootEmpty": true,
      "_timeout": 2000
    }
  ],
  "meta": {
    "mocha": {
      "version": "7.0.1"
    },
    "mochawesome": {
      "options": {
        "quiet": false,
        "reportFilename": "mochawesome",
        "saveHtml": false,
        "saveJson": true,
        "consoleReporter": "spec",
        "useInlineDiffs": false,
        "code": true
      },
      "version": "7.0.1"
    },
    "marge": {
      "options": {
        "id": "default",
        "reportDir": "cypress/results/mochawesome",
        "overwrite": false,
        "html": false,
        "json": true
      },
      "version": "6.0.1"
    }
  }
}