{
  "stats": {
    "suites": 10,
    "tests": 12,
    "passes": 11,
    "pending": 0,
    "failures": 1,
    "start": "2021-11-12T21:37:38.967Z",
    "end": "2021-11-12T21:37:42.580Z",
    "duration": 3613,
    "testsRegistered": 12,
    "passPercent": 91.66666666666666,
    "pendingPercent": 0,
    "other": 0,
    "hasOther": false,
    "skipped": 0,
    "hasSkipped": false
  },
  "results": [
    {
      "uuid": "6bbd3ffa-e2bc-48a3-b9e4-cbc1b1d9fcfd",
      "title": "",
      "fullFile": "cypress/integration/2-advanced-examples/cypress_api.spec.js",
      "file": "cypress/integration/2-advanced-examples/cypress_api.spec.js",
      "beforeHooks": [],
      "afterHooks": [],
      "tests": [],
      "suites": [
        {
          "uuid": "a30df53b-f017-45c2-b807-8b846e85dc75",
          "title": "Cypress.Commands",
          "fullFile": "",
          "file": "",
          "beforeHooks": [],
          "afterHooks": [],
          "tests": [
            {
              "title": ".add() - create a custom command",
              "fullTitle": "Cypress.Commands .add() - create a custom command",
              "timedOut": null,
              "duration": 415,
              "state": "passed",
              "speed": "fast",
              "pass": true,
              "fail": false,
              "pending": false,
              "context": null,
              "code": "Cypress.Commands.add('console', {\n  prevSubject: true\n}, (subject, method) => {\n  // the previous subject is automatically received\n  // and the commands arguments are shifted\n  // allow us to change the console method used\n  method = method || 'log'; // log the subject to the console\n  // @ts-ignore TS7017\n  console[method]('The subject is', subject); // whatever we return becomes the new subject\n  // we don't want to change the subject so\n  // we return whatever was passed in\n  return subject;\n}); // @ts-ignore TS2339\ncy.get('button').console('info').then($button => {// subject is still $button\n});",
              "err": {},
              "uuid": "a6065202-45ad-45a9-809b-dedfa06850b7",
              "parentUUID": "a30df53b-f017-45c2-b807-8b846e85dc75",
              "isHook": false,
              "skipped": false
            }
          ],
          "suites": [],
          "passes": [
            "a6065202-45ad-45a9-809b-dedfa06850b7"
          ],
          "failures": [],
          "pending": [],
          "skipped": [],
          "duration": 415,
          "root": false,
          "rootEmpty": false,
          "_timeout": 2000
        },
        {
          "uuid": "9e990b3e-bd62-4a53-85b8-d7f7203232c7",
          "title": "Cypress.Cookies",
          "fullFile": "",
          "file": "",
          "beforeHooks": [],
          "afterHooks": [],
          "tests": [
            {
              "title": ".debug() - enable or disable debugging",
              "fullTitle": "Cypress.Cookies .debug() - enable or disable debugging",
              "timedOut": null,
              "duration": 179,
              "state": "passed",
              "speed": "fast",
              "pass": true,
              "fail": false,
              "pending": false,
              "context": null,
              "code": "Cypress.Cookies.debug(true); // Cypress will now log in the console when\n// cookies are set or cleared\ncy.setCookie('fakeCookie', '123ABC');\ncy.clearCookie('fakeCookie');\ncy.setCookie('fakeCookie', '123ABC');\ncy.clearCookie('fakeCookie');\ncy.setCookie('fakeCookie', '123ABC');",
              "err": {},
              "uuid": "dcad3f0a-e221-4ab5-8e27-287424b1f062",
              "parentUUID": "9e990b3e-bd62-4a53-85b8-d7f7203232c7",
              "isHook": false,
              "skipped": false
            },
            {
              "title": ".preserveOnce() - preserve cookies by key",
              "fullTitle": "Cypress.Cookies .preserveOnce() - preserve cookies by key",
              "timedOut": null,
              "duration": 140,
              "state": "passed",
              "speed": "fast",
              "pass": true,
              "fail": false,
              "pending": false,
              "context": null,
              "code": "// normally cookies are reset after each test\ncy.getCookie('fakeCookie').should('not.be.ok'); // preserving a cookie will not clear it when\n// the next test starts\ncy.setCookie('lastCookie', '789XYZ');\nCypress.Cookies.preserveOnce('lastCookie');",
              "err": {},
              "uuid": "83e972f7-de33-4bbb-bf98-da6f98e0a8b1",
              "parentUUID": "9e990b3e-bd62-4a53-85b8-d7f7203232c7",
              "isHook": false,
              "skipped": false
            },
            {
              "title": ".defaults() - set defaults for all cookies",
              "fullTitle": "Cypress.Cookies .defaults() - set defaults for all cookies",
              "timedOut": null,
              "duration": 131,
              "state": "passed",
              "speed": "fast",
              "pass": true,
              "fail": false,
              "pending": false,
              "context": null,
              "code": "// now any cookie with the name 'session_id' will\n// not be cleared before each new test runs\nCypress.Cookies.defaults({\n  preserve: 'session_id'\n});",
              "err": {},
              "uuid": "4c8f2930-0aa7-4b7e-b61e-c95007f27ec4",
              "parentUUID": "9e990b3e-bd62-4a53-85b8-d7f7203232c7",
              "isHook": false,
              "skipped": false
            }
          ],
          "suites": [],
          "passes": [
            "dcad3f0a-e221-4ab5-8e27-287424b1f062",
            "83e972f7-de33-4bbb-bf98-da6f98e0a8b1",
            "4c8f2930-0aa7-4b7e-b61e-c95007f27ec4"
          ],
          "failures": [],
          "pending": [],
          "skipped": [],
          "duration": 450,
          "root": false,
          "rootEmpty": false,
          "_timeout": 2000
        },
        {
          "uuid": "46dc518f-f96b-4164-969e-816c9986d1cf",
          "title": "Cypress.arch",
          "fullFile": "",
          "file": "",
          "beforeHooks": [],
          "afterHooks": [],
          "tests": [
            {
              "title": "Get CPU architecture name of underlying OS",
              "fullTitle": "Cypress.arch Get CPU architecture name of underlying OS",
              "timedOut": null,
              "duration": 117,
              "state": "passed",
              "speed": "fast",
              "pass": true,
              "fail": false,
              "pending": false,
              "context": null,
              "code": "// https://on.cypress.io/arch\nexpect(Cypress.arch).to.exist;",
              "err": {},
              "uuid": "7cfaba2a-dc3a-4ba1-bb2c-214f6d17816a",
              "parentUUID": "46dc518f-f96b-4164-969e-816c9986d1cf",
              "isHook": false,
              "skipped": false
            }
          ],
          "suites": [],
          "passes": [
            "7cfaba2a-dc3a-4ba1-bb2c-214f6d17816a"
          ],
          "failures": [],
          "pending": [],
          "skipped": [],
          "duration": 117,
          "root": false,
          "rootEmpty": false,
          "_timeout": 2000
        },
        {
          "uuid": "3a11009c-54af-48ef-be96-d701539b7ec9",
          "title": "Cypress.config()",
          "fullFile": "",
          "file": "",
          "beforeHooks": [],
          "afterHooks": [],
          "tests": [
            {
              "title": "Get and set configuration options",
              "fullTitle": "Cypress.config() Get and set configuration options",
              "timedOut": null,
              "duration": 483,
              "state": "failed",
              "speed": null,
              "pass": false,
              "fail": true,
              "pending": false,
              "context": null,
              "code": "// https://on.cypress.io/config\nlet myConfig = Cypress.config();\nexpect(myConfig).to.have.property('animationDistanceThreshold', 5);\nexpect(myConfig).to.have.property('baseUrl', null);\nexpect(myConfig).to.have.property('defaultCommandTimeout', 4000);\nexpect(myConfig).to.have.property('requestTimeout', 5000);\nexpect(myConfig).to.have.property('responseTimeout', 30000);\nexpect(myConfig).to.have.property('viewportHeight', 660);\nexpect(myConfig).to.have.property('viewportWidth', 1000);\nexpect(myConfig).to.have.property('pageLoadTimeout', 60000);\nexpect(myConfig).to.have.property('waitForAnimations', true);\nexpect(Cypress.config('pageLoadTimeout')).to.eq(60000); // this will change the config for the rest of your tests!\nCypress.config('pageLoadTimeout', 20000);\nexpect(Cypress.config('pageLoadTimeout')).to.eq(20000);\nCypress.config('pageLoadTimeout', 60000);",
              "err": {
                "message": "AssertionError: expected { Object (baseUrl, ignoreTestfiles, ...) } to have property 'baseUrl' of null, but got 'http://localhost:4200/'",
                "estack": "AssertionError: expected { Object (baseUrl, ignoreTestfiles, ...) } to have property 'baseUrl' of null, but got 'http://localhost:4200/'\n    at Context.eval (https://example.cypress.io/__cypress/tests?p=cypress\\integration\\2-advanced-examples\\cypress_api.spec.js:174:30)",
                "diff": null
              },
              "uuid": "9bc26704-debd-477b-b391-efe2073e7834",
              "parentUUID": "3a11009c-54af-48ef-be96-d701539b7ec9",
              "isHook": false,
              "skipped": false
            }
          ],
          "suites": [],
          "passes": [],
          "failures": [
            "9bc26704-debd-477b-b391-efe2073e7834"
          ],
          "pending": [],
          "skipped": [],
          "duration": 483,
          "root": false,
          "rootEmpty": false,
          "_timeout": 2000
        },
        {
          "uuid": "9f0b82b5-8e1a-4589-ab51-abfc42c740fc",
          "title": "Cypress.dom",
          "fullFile": "",
          "file": "",
          "beforeHooks": [],
          "afterHooks": [],
          "tests": [
            {
              "title": ".isHidden() - determine if a DOM element is hidden",
              "fullTitle": "Cypress.dom .isHidden() - determine if a DOM element is hidden",
              "timedOut": null,
              "duration": 201,
              "state": "passed",
              "speed": "fast",
              "pass": true,
              "fail": false,
              "pending": false,
              "context": null,
              "code": "let hiddenP = Cypress.$('.dom-p p.hidden').get(0);\nlet visibleP = Cypress.$('.dom-p p.visible').get(0); // our first paragraph has css class 'hidden'\nexpect(Cypress.dom.isHidden(hiddenP)).to.be.true;\nexpect(Cypress.dom.isHidden(visibleP)).to.be.false;",
              "err": {},
              "uuid": "240f985e-7c49-4667-84d5-2eee8762886d",
              "parentUUID": "9f0b82b5-8e1a-4589-ab51-abfc42c740fc",
              "isHook": false,
              "skipped": false
            }
          ],
          "suites": [],
          "passes": [
            "240f985e-7c49-4667-84d5-2eee8762886d"
          ],
          "failures": [],
          "pending": [],
          "skipped": [],
          "duration": 201,
          "root": false,
          "rootEmpty": false,
          "_timeout": 2000
        },
        {
          "uuid": "e9b448bb-8966-4da1-a079-17c8e8d76eb1",
          "title": "Cypress.env()",
          "fullFile": "",
          "file": "",
          "beforeHooks": [],
          "afterHooks": [],
          "tests": [
            {
              "title": "Get environment variables",
              "fullTitle": "Cypress.env() Get environment variables",
              "timedOut": null,
              "duration": 134,
              "state": "passed",
              "speed": "fast",
              "pass": true,
              "fail": false,
              "pending": false,
              "context": null,
              "code": "// https://on.cypress.io/env\n// set multiple environment variables\nCypress.env({\n  host: 'veronica.dev.local',\n  api_server: 'http://localhost:8888/v1/'\n}); // get environment variable\nexpect(Cypress.env('host')).to.eq('veronica.dev.local'); // set environment variable\nCypress.env('api_server', 'http://localhost:8888/v2/');\nexpect(Cypress.env('api_server')).to.eq('http://localhost:8888/v2/'); // get all environment variable\nexpect(Cypress.env()).to.have.property('host', 'veronica.dev.local');\nexpect(Cypress.env()).to.have.property('api_server', 'http://localhost:8888/v2/');",
              "err": {},
              "uuid": "dc7a2867-ba87-4e0d-a85d-cc97b768edfa",
              "parentUUID": "e9b448bb-8966-4da1-a079-17c8e8d76eb1",
              "isHook": false,
              "skipped": false
            }
          ],
          "suites": [],
          "passes": [
            "dc7a2867-ba87-4e0d-a85d-cc97b768edfa"
          ],
          "failures": [],
          "pending": [],
          "skipped": [],
          "duration": 134,
          "root": false,
          "rootEmpty": false,
          "_timeout": 2000
        },
        {
          "uuid": "90139dd4-13bd-4179-a5f0-9f3ce3cc8672",
          "title": "Cypress.log",
          "fullFile": "",
          "file": "",
          "beforeHooks": [],
          "afterHooks": [],
          "tests": [
            {
              "title": "Control what is printed to the Command Log",
              "fullTitle": "Cypress.log Control what is printed to the Command Log",
              "timedOut": null,
              "duration": 148,
              "state": "passed",
              "speed": "fast",
              "pass": true,
              "fail": false,
              "pending": false,
              "context": null,
              "code": "// https://on.cypress.io/cypress-log",
              "err": {},
              "uuid": "7ff21b8d-0d8d-46f5-ad8a-28a4514a51cd",
              "parentUUID": "90139dd4-13bd-4179-a5f0-9f3ce3cc8672",
              "isHook": false,
              "skipped": false
            }
          ],
          "suites": [],
          "passes": [
            "7ff21b8d-0d8d-46f5-ad8a-28a4514a51cd"
          ],
          "failures": [],
          "pending": [],
          "skipped": [],
          "duration": 148,
          "root": false,
          "rootEmpty": false,
          "_timeout": 2000
        },
        {
          "uuid": "08396f50-5e82-4465-8857-fb0cfff0e64e",
          "title": "Cypress.platform",
          "fullFile": "",
          "file": "",
          "beforeHooks": [],
          "afterHooks": [],
          "tests": [
            {
              "title": "Get underlying OS name",
              "fullTitle": "Cypress.platform Get underlying OS name",
              "timedOut": null,
              "duration": 137,
              "state": "passed",
              "speed": "fast",
              "pass": true,
              "fail": false,
              "pending": false,
              "context": null,
              "code": "// https://on.cypress.io/platform\nexpect(Cypress.platform).to.be.exist;",
              "err": {},
              "uuid": "02f7b8a8-3037-4655-be46-f1e40a5cd2ab",
              "parentUUID": "08396f50-5e82-4465-8857-fb0cfff0e64e",
              "isHook": false,
              "skipped": false
            }
          ],
          "suites": [],
          "passes": [
            "02f7b8a8-3037-4655-be46-f1e40a5cd2ab"
          ],
          "failures": [],
          "pending": [],
          "skipped": [],
          "duration": 137,
          "root": false,
          "rootEmpty": false,
          "_timeout": 2000
        },
        {
          "uuid": "94f47f09-cc21-449f-a634-4aafd33dff4b",
          "title": "Cypress.version",
          "fullFile": "",
          "file": "",
          "beforeHooks": [],
          "afterHooks": [],
          "tests": [
            {
              "title": "Get current version of Cypress being run",
              "fullTitle": "Cypress.version Get current version of Cypress being run",
              "timedOut": null,
              "duration": 124,
              "state": "passed",
              "speed": "fast",
              "pass": true,
              "fail": false,
              "pending": false,
              "context": null,
              "code": "// https://on.cypress.io/version\nexpect(Cypress.version).to.be.exist;",
              "err": {},
              "uuid": "0141f669-535f-4489-b59b-7312f1cfdc9d",
              "parentUUID": "94f47f09-cc21-449f-a634-4aafd33dff4b",
              "isHook": false,
              "skipped": false
            }
          ],
          "suites": [],
          "passes": [
            "0141f669-535f-4489-b59b-7312f1cfdc9d"
          ],
          "failures": [],
          "pending": [],
          "skipped": [],
          "duration": 124,
          "root": false,
          "rootEmpty": false,
          "_timeout": 2000
        },
        {
          "uuid": "af3a1cfe-bf7c-4e4b-ae01-f289b10b59f1",
          "title": "Cypress.spec",
          "fullFile": "",
          "file": "",
          "beforeHooks": [],
          "afterHooks": [],
          "tests": [
            {
              "title": "Get current spec information",
              "fullTitle": "Cypress.spec Get current spec information",
              "timedOut": null,
              "duration": 141,
              "state": "passed",
              "speed": "fast",
              "pass": true,
              "fail": false,
              "pending": false,
              "context": null,
              "code": "// https://on.cypress.io/spec\n// wrap the object so we can inspect it easily by clicking in the command log\ncy.wrap(Cypress.spec).should('include.keys', ['name', 'relative', 'absolute']);",
              "err": {},
              "uuid": "3dfb9889-e229-4b6a-b040-fa2c4a1adc8a",
              "parentUUID": "af3a1cfe-bf7c-4e4b-ae01-f289b10b59f1",
              "isHook": false,
              "skipped": false
            }
          ],
          "suites": [],
          "passes": [
            "3dfb9889-e229-4b6a-b040-fa2c4a1adc8a"
          ],
          "failures": [],
          "pending": [],
          "skipped": [],
          "duration": 141,
          "root": false,
          "rootEmpty": false,
          "_timeout": 2000
        }
      ],
      "passes": [],
      "failures": [],
      "pending": [],
      "skipped": [],
      "duration": 0,
      "root": true,
      "rootEmpty": true,
      "_timeout": 2000
    }
  ],
  "meta": {
    "mocha": {
      "version": "7.0.1"
    },
    "mochawesome": {
      "options": {
        "quiet": false,
        "reportFilename": "mochawesome",
        "saveHtml": false,
        "saveJson": true,
        "consoleReporter": "spec",
        "useInlineDiffs": false,
        "code": true
      },
      "version": "7.0.1"
    },
    "marge": {
      "options": {
        "id": "default",
        "reportDir": "cypress/results/mochawesome",
        "overwrite": false,
        "html": false,
        "json": true
      },
      "version": "6.0.1"
    }
  }
}