{
  "stats": {
    "suites": 1,
    "tests": 1,
    "passes": 0,
    "pending": 0,
    "failures": 1,
    "start": "2021-11-12T21:38:52.803Z",
    "end": "2021-11-12T21:38:53.974Z",
    "duration": 1171,
    "testsRegistered": 4,
    "passPercent": 0,
    "pendingPercent": 0,
    "other": 0,
    "hasOther": false,
    "skipped": 2,
    "hasSkipped": true
  },
  "results": [
    {
      "uuid": "eab90176-0811-40a2-b9a4-2a028c21890a",
      "title": "",
      "fullFile": "cypress/integration/firstTest.spec.js",
      "file": "cypress/integration/firstTest.spec.js",
      "beforeHooks": [],
      "afterHooks": [],
      "tests": [],
      "suites": [
        {
          "uuid": "039160a4-ca96-4745-a99f-9ebaed99eaa5",
          "title": "Test with backend",
          "fullFile": "",
          "file": "",
          "beforeHooks": [],
          "afterHooks": [],
          "tests": [
            {
              "title": "verify correct request and response",
              "fullTitle": "Test with backend verify correct request and response",
              "timedOut": null,
              "duration": 1095,
              "state": "failed",
              "speed": null,
              "pass": false,
              "fail": true,
              "pending": false,
              "context": null,
              "code": "cy.intercept('POST', '**/articles').as('postArticles'); // cy.route('POST','https://api.realworld.io/api/articles/').as('postArticles')\n// cy.intercept('POST','https://api.realworld.io/api/articles/').as('GetUser')\ncy.contains('New Article').click();\ncy.get('[formcontrolname=\"title\"]').type('This is an Article');\ncy.get('[formcontrolname=\"description\"]').type('This is the description');\ncy.get('[formcontrolname=\"body\"]').type('This is the body of the Article');\ncy.get('[placeholder=\"Enter tags\"]').type('tag1');\ncy.contains('Publish Article').click();\ncy.wait('@postArticles');\ncy.get('@postArticles').then(xhr => {\n  console.log(xhr);\n  expect(xhr.response.statusCode).to.equal(307);\n  expect(xhr.request.body.article.body).to.equal('This is the body of the Article'); // expect(xhr.response.body.article.description).to.equal('This is the description')\n});",
              "err": {
                "message": "CypressError: `cy.request()` failed on:\n\nhttps://api.realworld.io/api/users/login\n\nThe response we received from your web server was:\n\n  > 403: Forbidden\n\nThis was considered a failure because the status code was not `2xx` or `3xx`.\n\nIf you do not want status codes to cause failures pass the option: `failOnStatusCode: false`\n\n-----------------------------------------------------------\n\nThe request we sent was:\n\nMethod: POST\nURL: https://api.realworld.io/api/users/login\nHeaders: {\n  \"Connection\": \"keep-alive\",\n  \"user-agent\": \"Mozilla/5.0 (Windows NT 10.0; Win64; x64) AppleWebKit/537.36 (KHTML, like Gecko) Cypress/8.7.0 Chrome/93.0.4577.82 Electron/14.1.0 Safari/537.36\",\n  \"accept\": \"*/*\",\n  \"accept-encoding\": \"gzip, deflate\",\n  \"content-type\": \"application/json\",\n  \"content-length\": 61\n}\nBody: {\"user\":{\"email\":\"lyalpha2401@gmail.com\",\"password\":\"12345\"}}\n\n-----------------------------------------------------------\n\nThe response we got was:\n\nStatus: 403 - Forbidden\nHeaders: {\n  \"date\": \"Fri, 12 Nov 2021 21:38:54 GMT\",\n  \"content-type\": \"application/json; charset=utf-8\",\n  \"content-length\": \"47\",\n  \"connection\": \"keep-alive\",\n  \"x-powered-by\": \"Express\",\n  \"access-control-allow-origin\": \"*\",\n  \"etag\": \"W/\\\"2f-83PWxEwXkLR3WfVjo3wqB0FwKlU\\\"\",\n  \"via\": \"1.1 vegur\",\n  \"cf-cache-status\": \"DYNAMIC\",\n  \"expect-ct\": \"max-age=604800, report-uri=\\\"https://report-uri.cloudflare.com/cdn-cgi/beacon/expect-ct\\\"\",\n  \"report-to\": \"{\\\"endpoints\\\":[{\\\"url\\\":\\\"https:\\\\/\\\\/a.nel.cloudflare.com\\\\/report\\\\/v3?s=y%2BuLWkJlsjDE55rAYvLyUVHyDL1dQNJBc2gFSvd7tCgd9nBgZFJ86AQgsZSHS9ORSQQZ0zG6o1MnG4%2BMuVxxary6BKwv7D5U3nLRggm4ywPokpa2sU0v62fmA%2FDq5kH7IQvaAzrwc%2FxixCeHNKyI\\\"}],\\\"group\\\":\\\"cf-nel\\\",\\\"max_age\\\":604800}\",\n  \"nel\": \"{\\\"success_fraction\\\":0,\\\"report_to\\\":\\\"cf-nel\\\",\\\"max_age\\\":604800}\",\n  \"server\": \"cloudflare\",\n  \"cf-ray\": \"6ad2e8f0385428d5-DFW\",\n  \"alt-svc\": \"h3=\\\":443\\\"; ma=86400, h3-29=\\\":443\\\"; ma=86400, h3-28=\\\":443\\\"; ma=86400, h3-27=\\\":443\\\"; ma=86400\"\n}\nBody: {\n  \"errors\": {\n    \"email or password\": [\n      \"is invalid\"\n    ]\n  }\n}\n\n\nhttps://on.cypress.io/request\n\nBecause this error occurred during a `before each` hook we are skipping the remaining tests in the current suite: `Test with backend`",
                "estack": "CypressError: `cy.request()` failed on:\n\nhttps://api.realworld.io/api/users/login\n\nThe response we received from your web server was:\n\n  > 403: Forbidden\n\nThis was considered a failure because the status code was not `2xx` or `3xx`.\n\nIf you do not want status codes to cause failures pass the option: `failOnStatusCode: false`\n\n-----------------------------------------------------------\n\nThe request we sent was:\n\nMethod: POST\nURL: https://api.realworld.io/api/users/login\nHeaders: {\n  \"Connection\": \"keep-alive\",\n  \"user-agent\": \"Mozilla/5.0 (Windows NT 10.0; Win64; x64) AppleWebKit/537.36 (KHTML, like Gecko) Cypress/8.7.0 Chrome/93.0.4577.82 Electron/14.1.0 Safari/537.36\",\n  \"accept\": \"*/*\",\n  \"accept-encoding\": \"gzip, deflate\",\n  \"content-type\": \"application/json\",\n  \"content-length\": 61\n}\nBody: {\"user\":{\"email\":\"lyalpha2401@gmail.com\",\"password\":\"12345\"}}\n\n-----------------------------------------------------------\n\nThe response we got was:\n\nStatus: 403 - Forbidden\nHeaders: {\n  \"date\": \"Fri, 12 Nov 2021 21:38:54 GMT\",\n  \"content-type\": \"application/json; charset=utf-8\",\n  \"content-length\": \"47\",\n  \"connection\": \"keep-alive\",\n  \"x-powered-by\": \"Express\",\n  \"access-control-allow-origin\": \"*\",\n  \"etag\": \"W/\\\"2f-83PWxEwXkLR3WfVjo3wqB0FwKlU\\\"\",\n  \"via\": \"1.1 vegur\",\n  \"cf-cache-status\": \"DYNAMIC\",\n  \"expect-ct\": \"max-age=604800, report-uri=\\\"https://report-uri.cloudflare.com/cdn-cgi/beacon/expect-ct\\\"\",\n  \"report-to\": \"{\\\"endpoints\\\":[{\\\"url\\\":\\\"https:\\\\/\\\\/a.nel.cloudflare.com\\\\/report\\\\/v3?s=y%2BuLWkJlsjDE55rAYvLyUVHyDL1dQNJBc2gFSvd7tCgd9nBgZFJ86AQgsZSHS9ORSQQZ0zG6o1MnG4%2BMuVxxary6BKwv7D5U3nLRggm4ywPokpa2sU0v62fmA%2FDq5kH7IQvaAzrwc%2FxixCeHNKyI\\\"}],\\\"group\\\":\\\"cf-nel\\\",\\\"max_age\\\":604800}\",\n  \"nel\": \"{\\\"success_fraction\\\":0,\\\"report_to\\\":\\\"cf-nel\\\",\\\"max_age\\\":604800}\",\n  \"server\": \"cloudflare\",\n  \"cf-ray\": \"6ad2e8f0385428d5-DFW\",\n  \"alt-svc\": \"h3=\\\":443\\\"; ma=86400, h3-29=\\\":443\\\"; ma=86400, h3-28=\\\":443\\\"; ma=86400, h3-27=\\\":443\\\"; ma=86400\"\n}\nBody: {\n  \"errors\": {\n    \"email or password\": [\n      \"is invalid\"\n    ]\n  }\n}\n\n\nhttps://on.cypress.io/request\n\nBecause this error occurred during a `before each` hook we are skipping the remaining tests in the current suite: `Test with backend`\n    at http://localhost:4200/__cypress/runner/cypress_runner.js:157339:80\n    at tryCatcher (http://localhost:4200/__cypress/runner/cypress_runner.js:13212:23)\n    at Promise._settlePromiseFromHandler (http://localhost:4200/__cypress/runner/cypress_runner.js:11147:31)\n    at Promise._settlePromise (http://localhost:4200/__cypress/runner/cypress_runner.js:11204:18)\n    at Promise._settlePromise0 (http://localhost:4200/__cypress/runner/cypress_runner.js:11249:10)\n    at Promise._settlePromises (http://localhost:4200/__cypress/runner/cypress_runner.js:11329:18)\n    at _drainQueueStep (http://localhost:4200/__cypress/runner/cypress_runner.js:7919:12)\n    at _drainQueue (http://localhost:4200/__cypress/runner/cypress_runner.js:7912:9)\n    at Async.../../node_modules/bluebird/js/release/async.js.Async._drainQueues (http://localhost:4200/__cypress/runner/cypress_runner.js:7928:5)\n    at Async.drainQueues (http://localhost:4200/__cypress/runner/cypress_runner.js:7798:14)\nFrom Your Spec Code:\n    at Context.eval (http://localhost:4200/__cypress/tests?p=cypress\\support\\index.js:131:6)",
                "diff": null
              },
              "uuid": "d54bd30a-0945-4a2f-bd6a-556129b9c6d0",
              "parentUUID": "039160a4-ca96-4745-a99f-9ebaed99eaa5",
              "isHook": false,
              "skipped": false
            },
            {
              "title": "should give tags with routing object",
              "fullTitle": "Test with backend should give tags with routing object",
              "timedOut": null,
              "duration": 0,
              "state": "skipped",
              "speed": null,
              "pass": false,
              "fail": false,
              "pending": false,
              "context": null,
              "code": "cy.get('div .tag-list').should('contain', 'cypress').and('contain', 'automation').and('contain', 'testing');",
              "err": {},
              "uuid": "36dbbdc0-dfba-45cf-be65-c8cd23d3615d",
              "parentUUID": "039160a4-ca96-4745-a99f-9ebaed99eaa5",
              "isHook": false,
              "skipped": true
            },
            {
              "title": "verify global feed likes count",
              "fullTitle": "Test with backend verify global feed likes count",
              "timedOut": null,
              "duration": 0,
              "state": "skipped",
              "speed": null,
              "pass": false,
              "fail": false,
              "pending": false,
              "context": null,
              "code": "// cy.intercept('GET','https://api.realworld.io/api/articles/feed?limit=10&offset=0',{\"articles\":[],\"articlesCount\":0}) \ncy.intercept('GET', '**/articles/feed*', {\n  \"articles\": [],\n  \"articlesCount\": 0\n}); // cy.intercept('GET','https://api.realworld.io/api/articles?limit=10&offset=0',{fixture:'articles.json'})              \ncy.intercept('GET', '**/articles*', {\n  fixture: 'articles.json'\n});\ncy.contains('Global Fee').click();\ncy.get('app-article-list button').then(listOfButtons => {\n  expect(listOfButtons[0]).to.contain('1');\n  expect(listOfButtons[1]).to.contain('5');\n});\ncy.fixture('articles').then(file => {\n  const articleLink = file.articles[1].slug; // cy.intercept('POSt','https://api.realworld.io/api/articles/articleLink/favorite',file)     \n  cy.intercept('POSt', '**/articles/' + articleLink + '/favorite', file);\n});\ncy.get('app-article-list button').eq(1).click().should('contain', '6');",
              "err": {},
              "uuid": "eaf440d0-8b72-4882-bccc-8962c5b9bbea",
              "parentUUID": "039160a4-ca96-4745-a99f-9ebaed99eaa5",
              "isHook": false,
              "skipped": true
            },
            {
              "title": "delete a new article in the Global Fee",
              "fullTitle": "Test with backend delete a new article in the Global Fee",
              "timedOut": null,
              "duration": 0,
              "state": "skipped",
              "speed": null,
              "pass": false,
              "fail": false,
              "pending": true,
              "context": null,
              "code": "",
              "err": {},
              "uuid": "7017d2d4-e20f-4469-b37d-af70f06d1192",
              "parentUUID": "039160a4-ca96-4745-a99f-9ebaed99eaa5",
              "isHook": false,
              "skipped": false
            }
          ],
          "suites": [],
          "passes": [],
          "failures": [
            "d54bd30a-0945-4a2f-bd6a-556129b9c6d0"
          ],
          "pending": [
            "7017d2d4-e20f-4469-b37d-af70f06d1192"
          ],
          "skipped": [
            "36dbbdc0-dfba-45cf-be65-c8cd23d3615d",
            "eaf440d0-8b72-4882-bccc-8962c5b9bbea"
          ],
          "duration": 1095,
          "root": false,
          "rootEmpty": false,
          "_timeout": 2000
        }
      ],
      "passes": [],
      "failures": [],
      "pending": [],
      "skipped": [],
      "duration": 0,
      "root": true,
      "rootEmpty": true,
      "_timeout": 2000
    }
  ],
  "meta": {
    "mocha": {
      "version": "7.0.1"
    },
    "mochawesome": {
      "options": {
        "quiet": false,
        "reportFilename": "mochawesome",
        "saveHtml": false,
        "saveJson": true,
        "consoleReporter": "spec",
        "useInlineDiffs": false,
        "code": true
      },
      "version": "7.0.1"
    },
    "marge": {
      "options": {
        "id": "default",
        "reportDir": "cypress/results/mochawesome",
        "overwrite": false,
        "html": false,
        "json": true
      },
      "version": "6.0.1"
    }
  }
}