{
  "stats": {
    "suites": 1,
    "tests": 4,
    "passes": 3,
    "pending": 1,
    "failures": 0,
    "start": "2021-11-17T21:25:28.065Z",
    "end": "2021-11-17T21:25:36.530Z",
    "duration": 8465,
    "testsRegistered": 4,
    "passPercent": 100,
    "pendingPercent": 25,
    "other": 0,
    "hasOther": false,
    "skipped": 0,
    "hasSkipped": false
  },
  "results": [
    {
      "uuid": "44d1c38a-699d-43b5-acfb-b9fb003e5d0f",
      "title": "",
      "fullFile": "cypress/integration/firstTest.spec.js",
      "file": "cypress/integration/firstTest.spec.js",
      "beforeHooks": [],
      "afterHooks": [],
      "tests": [],
      "suites": [
        {
          "uuid": "0b588ea5-ae3f-4e09-be36-452e7c436593",
          "title": "Test with backend",
          "fullFile": "",
          "file": "",
          "beforeHooks": [],
          "afterHooks": [],
          "tests": [
            {
              "title": "verify correct request and response",
              "fullTitle": "Test with backend verify correct request and response",
              "timedOut": null,
              "duration": 6255,
              "state": "passed",
              "speed": "medium",
              "pass": true,
              "fail": false,
              "pending": false,
              "context": null,
              "code": "cy.intercept('POST', '**/articles').as('postArticles'); // cy.route('POST','https://api.realworld.io/api/articles/').as('postArticles')\n// cy.intercept('POST','https://api.realworld.io/api/articles/').as('GetUser')\ncy.contains('New Article').click();\ncy.get('[formcontrolname=\"title\"]').type('This is an Article');\ncy.get('[formcontrolname=\"description\"]').type('This is the description');\ncy.get('[formcontrolname=\"body\"]').type('This is the body of the Article');\ncy.get('[placeholder=\"Enter tags\"]').type('tag1');\ncy.contains('Publish Article').click();\ncy.wait('@postArticles');\ncy.get('@postArticles').then(xhr => {\n  console.log(xhr);\n  expect(xhr.response.statusCode).to.equal(307);\n  expect(xhr.request.body.article.body).to.equal('This is the body of the Article'); // expect(xhr.response.body.article.description).to.equal('This is the description')\n});",
              "err": {},
              "uuid": "762abbd4-85a2-4535-93cd-6b6c4bef8c2d",
              "parentUUID": "0b588ea5-ae3f-4e09-be36-452e7c436593",
              "isHook": false,
              "skipped": false
            },
            {
              "title": "should give tags with routing object",
              "fullTitle": "Test with backend should give tags with routing object",
              "timedOut": null,
              "duration": 1207,
              "state": "passed",
              "speed": "fast",
              "pass": true,
              "fail": false,
              "pending": false,
              "context": null,
              "code": "cy.get('div .tag-list').should('contain', 'cypress').and('contain', 'automation').and('contain', 'testing');",
              "err": {},
              "uuid": "7384b6d3-7efa-4764-b60e-c0e966c30466",
              "parentUUID": "0b588ea5-ae3f-4e09-be36-452e7c436593",
              "isHook": false,
              "skipped": false
            },
            {
              "title": "verify global feed likes count",
              "fullTitle": "Test with backend verify global feed likes count",
              "timedOut": null,
              "duration": 950,
              "state": "passed",
              "speed": "fast",
              "pass": true,
              "fail": false,
              "pending": false,
              "context": null,
              "code": "// cy.intercept('GET','https://api.realworld.io/api/articles/feed?limit=10&offset=0',{\"articles\":[],\"articlesCount\":0}) \ncy.intercept('GET', '**/articles/feed*', {\n  \"articles\": [],\n  \"articlesCount\": 0\n}); // cy.intercept('GET','https://api.realworld.io/api/articles?limit=10&offset=0',{fixture:'articles.json'})              \ncy.intercept('GET', '**/articles*', {\n  fixture: 'articles.json'\n});\ncy.contains('Global Fee').click();\ncy.get('app-article-list button').then(listOfButtons => {\n  expect(listOfButtons[0]).to.contain('1');\n  expect(listOfButtons[1]).to.contain('5');\n});\ncy.fixture('articles').then(file => {\n  const articleLink = file.articles[1].slug; // cy.intercept('POSt','https://api.realworld.io/api/articles/articleLink/favorite',file)     \n  cy.intercept('POSt', '**/articles/' + articleLink + '/favorite', file);\n});\ncy.get('app-article-list button').eq(1).click().should('contain', '6');",
              "err": {},
              "uuid": "823c2f95-492e-48c4-80e9-9cba9d015b0b",
              "parentUUID": "0b588ea5-ae3f-4e09-be36-452e7c436593",
              "isHook": false,
              "skipped": false
            },
            {
              "title": "delete a new article in the Global Fee",
              "fullTitle": "Test with backend delete a new article in the Global Fee",
              "timedOut": null,
              "duration": 0,
              "state": "pending",
              "speed": null,
              "pass": false,
              "fail": false,
              "pending": true,
              "context": null,
              "code": "",
              "err": {},
              "uuid": "aa9c28d8-8380-4559-a3f3-780fb3c9ff44",
              "parentUUID": "0b588ea5-ae3f-4e09-be36-452e7c436593",
              "isHook": false,
              "skipped": false
            }
          ],
          "suites": [],
          "passes": [
            "762abbd4-85a2-4535-93cd-6b6c4bef8c2d",
            "7384b6d3-7efa-4764-b60e-c0e966c30466",
            "823c2f95-492e-48c4-80e9-9cba9d015b0b"
          ],
          "failures": [],
          "pending": [
            "aa9c28d8-8380-4559-a3f3-780fb3c9ff44"
          ],
          "skipped": [],
          "duration": 8412,
          "root": false,
          "rootEmpty": false,
          "_timeout": 2000
        }
      ],
      "passes": [],
      "failures": [],
      "pending": [],
      "skipped": [],
      "duration": 0,
      "root": true,
      "rootEmpty": true,
      "_timeout": 2000
    }
  ],
  "meta": {
    "mocha": {
      "version": "7.0.1"
    },
    "mochawesome": {
      "options": {
        "quiet": false,
        "reportFilename": "mochawesome",
        "saveHtml": false,
        "saveJson": true,
        "consoleReporter": "spec",
        "useInlineDiffs": false,
        "code": true
      },
      "version": "7.0.1"
    },
    "marge": {
      "options": {
        "id": "default",
        "reportDir": "cypress/results/mochawesome",
        "overwrite": false,
        "html": false,
        "json": true
      },
      "version": "6.0.1"
    }
  }
}