<?xml version="1.0" encoding="UTF-8"?>
<testsuites name="Mocha Tests" time="4.6920" tests="6" failures="0">
  <testsuite name="Root Suite" timestamp="2021-11-12T21:38:05" tests="0" file="cypress/integration/2-advanced-examples/network_requests.spec.js" time="0.0000" failures="0">
  </testsuite>
  <testsuite name="Network Requests" timestamp="2021-11-12T21:38:05" tests="6" time="4.6760" failures="0">
    <testcase name="Network Requests cy.request() - make an XHR request" time="0.6110" classname="cy.request() - make an XHR request">
    </testcase>
    <testcase name="Network Requests cy.request() - verify response using BDD syntax" time="0.3780" classname="cy.request() - verify response using BDD syntax">
    </testcase>
    <testcase name="Network Requests cy.request() with query parameters" time="0.2960" classname="cy.request() with query parameters">
    </testcase>
    <testcase name="Network Requests cy.request() - pass result to the second request" time="0.4220" classname="cy.request() - pass result to the second request">
    </testcase>
    <testcase name="Network Requests cy.request() - save response in the shared test context" time="0.4040" classname="cy.request() - save response in the shared test context">
    </testcase>
    <testcase name="Network Requests cy.intercept() - route responses to matching requests" time="1.4630" classname="cy.intercept() - route responses to matching requests">
    </testcase>
  </testsuite>
</testsuites>