<?xml version="1.0" encoding="UTF-8"?>
<testsuites name="Mocha Tests" time="11.8270" tests="4" failures="0" skipped="1">
  <testsuite name="Root Suite" timestamp="2021-11-17T18:24:01" tests="0" file="cypress/integration/firstTest.spec.js" time="0.0000" failures="0">
  </testsuite>
  <testsuite name="Test with backend" timestamp="2021-11-17T18:24:01" tests="4" time="11.7910" failures="0">
    <testcase name="Test with backend verify correct request and response" time="7.7770" classname="verify correct request and response">
    </testcase>
    <testcase name="Test with backend should give tags with routing object" time="1.6510" classname="should give tags with routing object">
    </testcase>
    <testcase name="Test with backend verify global feed likes count" time="2.2900" classname="verify global feed likes count">
    </testcase>
  </testsuite>
</testsuites>