<?xml version="1.0" encoding="UTF-8"?>
<testsuites name="Mocha Tests" time="3.9460" tests="3" failures="0">
  <testsuite name="Root Suite" timestamp="2021-11-12T21:38:00" tests="0" file="cypress/integration/2-advanced-examples/navigation.spec.js" time="0.0000" failures="0">
  </testsuite>
  <testsuite name="Navigation" timestamp="2021-11-12T21:38:00" tests="3" time="3.9300" failures="0">
    <testcase name="Navigation cy.go() - go back or forward in the browser&apos;s history" time="1.4500" classname="cy.go() - go back or forward in the browser&apos;s history">
    </testcase>
    <testcase name="Navigation cy.reload() - reload the page" time="0.5740" classname="cy.reload() - reload the page">
    </testcase>
    <testcase name="Navigation cy.visit() - visit a remote url" time="0.5160" classname="cy.visit() - visit a remote url">
    </testcase>
  </testsuite>
</testsuites>